Analysis & Synthesis report for Router1x3
Wed Nov 27 19:01:12 2024
Quartus Prime Version 20.1.1 Build 720 11/11/2020 SJ Lite Edition


---------------------
; Table of Contents ;
---------------------
  1. Legal Notice
  2. Analysis & Synthesis Summary
  3. Analysis & Synthesis Settings
  4. Parallel Compilation
  5. Analysis & Synthesis Messages
  6. Analysis & Synthesis Suppressed Messages



----------------
; Legal Notice ;
----------------
Copyright (C) 2020  Intel Corporation. All rights reserved.
Your use of Intel Corporation's design tools, logic functions 
and other software and tools, and any partner logic 
functions, and any output files from any of the foregoing 
(including device programming or simulation files), and any 
associated documentation or information are expressly subject 
to the terms and conditions of the Intel Program License 
Subscription Agreement, the Intel Quartus Prime License Agreement,
the Intel FPGA IP License Agreement, or other applicable license
agreement, including, without limitation, that your use is for
the sole purpose of programming logic devices manufactured by
Intel and sold by Intel or its authorized distributors.  Please
refer to the applicable agreement for further details, at
https://fpgasoftware.intel.com/eula.



+---------------------------------------------------------------------------+
; Analysis & Synthesis Summary                                              ;
+-----------------------------+---------------------------------------------+
; Analysis & Synthesis Status ; Failed - Wed Nov 27 19:01:12 2024           ;
; Quartus Prime Version       ; 20.1.1 Build 720 11/11/2020 SJ Lite Edition ;
; Revision Name               ; Router1x3                                   ;
; Top-level Entity Name       ; Router1x3                                   ;
; Family                      ; MAX V                                       ;
+-----------------------------+---------------------------------------------+


+------------------------------------------------------------------------------------------------------------+
; Analysis & Synthesis Settings                                                                              ;
+------------------------------------------------------------------+--------------------+--------------------+
; Option                                                           ; Setting            ; Default Value      ;
+------------------------------------------------------------------+--------------------+--------------------+
; Top-level entity name                                            ; Router1x3          ; Router1x3          ;
; Family name                                                      ; MAX V              ; Cyclone V          ;
; Use smart compilation                                            ; Off                ; Off                ;
; Enable parallel Assembler and Timing Analyzer during compilation ; On                 ; On                 ;
; Enable compact report table                                      ; Off                ; Off                ;
; Restructure Multiplexers                                         ; Auto               ; Auto               ;
; Create Debugging Nodes for IP Cores                              ; Off                ; Off                ;
; Preserve fewer node names                                        ; On                 ; On                 ;
; Intel FPGA IP Evaluation Mode                                    ; Enable             ; Enable             ;
; Verilog Version                                                  ; Verilog_2001       ; Verilog_2001       ;
; VHDL Version                                                     ; VHDL_1993          ; VHDL_1993          ;
; State Machine Processing                                         ; Auto               ; Auto               ;
; Safe State Machine                                               ; Off                ; Off                ;
; Extract Verilog State Machines                                   ; On                 ; On                 ;
; Extract VHDL State Machines                                      ; On                 ; On                 ;
; Ignore Verilog initial constructs                                ; Off                ; Off                ;
; Iteration limit for constant Verilog loops                       ; 5000               ; 5000               ;
; Iteration limit for non-constant Verilog loops                   ; 250                ; 250                ;
; Add Pass-Through Logic to Inferred RAMs                          ; On                 ; On                 ;
; Infer RAMs from Raw Logic                                        ; On                 ; On                 ;
; Parallel Synthesis                                               ; On                 ; On                 ;
; NOT Gate Push-Back                                               ; On                 ; On                 ;
; Power-Up Don't Care                                              ; On                 ; On                 ;
; Remove Redundant Logic Cells                                     ; Off                ; Off                ;
; Remove Duplicate Registers                                       ; On                 ; On                 ;
; Ignore CARRY Buffers                                             ; Off                ; Off                ;
; Ignore CASCADE Buffers                                           ; Off                ; Off                ;
; Ignore GLOBAL Buffers                                            ; Off                ; Off                ;
; Ignore ROW GLOBAL Buffers                                        ; Off                ; Off                ;
; Ignore LCELL Buffers                                             ; Off                ; Off                ;
; Ignore SOFT Buffers                                              ; On                 ; On                 ;
; Limit AHDL Integers to 32 Bits                                   ; Off                ; Off                ;
; Optimization Technique                                           ; Balanced           ; Balanced           ;
; Carry Chain Length                                               ; 70                 ; 70                 ;
; Auto Carry Chains                                                ; On                 ; On                 ;
; Auto Open-Drain Pins                                             ; On                 ; On                 ;
; Perform WYSIWYG Primitive Resynthesis                            ; Off                ; Off                ;
; Auto Shift Register Replacement                                  ; Auto               ; Auto               ;
; Allow Shift Register Merging across Hierarchies                  ; Auto               ; Auto               ;
; Auto Clock Enable Replacement                                    ; On                 ; On                 ;
; Allow Synchronous Control Signals                                ; On                 ; On                 ;
; Force Use of Synchronous Clear Signals                           ; Off                ; Off                ;
; Auto Resource Sharing                                            ; Off                ; Off                ;
; Use LogicLock Constraints during Resource Balancing              ; On                 ; On                 ;
; Ignore translate_off and synthesis_off directives                ; Off                ; Off                ;
; Report Parameter Settings                                        ; On                 ; On                 ;
; Report Source Assignments                                        ; On                 ; On                 ;
; Report Connectivity Checks                                       ; On                 ; On                 ;
; Ignore Maximum Fan-Out Assignments                               ; Off                ; Off                ;
; Synchronization Register Chain Length                            ; 2                  ; 2                  ;
; Power Optimization During Synthesis                              ; Normal compilation ; Normal compilation ;
; HDL message level                                                ; Level2             ; Level2             ;
; Suppress Register Optimization Related Messages                  ; Off                ; Off                ;
; Number of Removed Registers Reported in Synthesis Report         ; 5000               ; 5000               ;
; Number of Swept Nodes Reported in Synthesis Report               ; 5000               ; 5000               ;
; Number of Inverted Registers Reported in Synthesis Report        ; 100                ; 100                ;
; Clock MUX Protection                                             ; On                 ; On                 ;
; Block Design Naming                                              ; Auto               ; Auto               ;
; Synthesis Effort                                                 ; Auto               ; Auto               ;
; Shift Register Replacement - Allow Asynchronous Clear Signal     ; On                 ; On                 ;
; Analysis & Synthesis Message Level                               ; Medium             ; Medium             ;
; Disable Register Merging Across Hierarchies                      ; Auto               ; Auto               ;
+------------------------------------------------------------------+--------------------+--------------------+


+------------------------------------------+
; Parallel Compilation                     ;
+----------------------------+-------------+
; Processors                 ; Number      ;
+----------------------------+-------------+
; Number detected on machine ; 12          ;
; Maximum allowed            ; 10          ;
;                            ;             ;
; Average used               ; 1.00        ;
; Maximum used               ; 1           ;
;                            ;             ;
; Usage by Processor         ; % Time Used ;
;     Processor 1            ; 100.0%      ;
+----------------------------+-------------+


+-------------------------------+
; Analysis & Synthesis Messages ;
+-------------------------------+
Info: *******************************************************************
Info: Running Quartus Prime Analysis & Synthesis
    Info: Version 20.1.1 Build 720 11/11/2020 SJ Lite Edition
    Info: Processing started: Wed Nov 27 19:01:03 2024
Info: Command: quartus_map --read_settings_files=on --write_settings_files=off Router1x3 -c Router1x3
Warning (18236): Number of processors has not been specified which may cause overloading on shared machines.  Set the global assignment NUM_PARALLEL_PROCESSORS in your QSF to an appropriate value for best performance.
Info (20030): Parallel compilation is enabled and will use 10 of the 10 processors detected
Info (12021): Found 1 design units, including 1 entities, in source file router_fifo_design.v
    Info (12023): Found entity 1: router_fifo_design File: C:/Users/Sahil/Desktop/Maven/Project/Router 3 Layered OSI Design/router_fifo_design.v Line: 1
Warning (12019): Can't analyze file -- file Router1x3.v is missing
Info (12021): Found 1 design units, including 1 entities, in source file router_fifo_design_tb.v
    Info (12023): Found entity 1: router_fifo_design_tb File: C:/Users/Sahil/Desktop/Maven/Project/Router 3 Layered OSI Design/router_fifo_design_tb.v Line: 1
Info (12021): Found 1 design units, including 1 entities, in source file router_synchronizer.v
    Info (12023): Found entity 1: router_synchronizer File: C:/Users/Sahil/Desktop/Maven/Project/Router 3 Layered OSI Design/router_synchronizer.v Line: 1
Info (12021): Found 1 design units, including 1 entities, in source file router_synchronizer_tb.v
    Info (12023): Found entity 1: router_synchronizer_tb File: C:/Users/Sahil/Desktop/Maven/Project/Router 3 Layered OSI Design/router_synchronizer_tb.v Line: 1
Info (12021): Found 1 design units, including 1 entities, in source file router_fsm.v
    Info (12023): Found entity 1: router_fsm File: C:/Users/Sahil/Desktop/Maven/Project/Router 3 Layered OSI Design/router_fsm.v Line: 1
Info (12021): Found 1 design units, including 1 entities, in source file router_fsm_tb.v
    Info (12023): Found entity 1: router_fsm_tb File: C:/Users/Sahil/Desktop/Maven/Project/Router 3 Layered OSI Design/router_fsm_tb.v Line: 1
Warning (10236): Verilog HDL Implicit Net warning at router_synchronizer.v(68): created implicit net for "valid_out_0" File: C:/Users/Sahil/Desktop/Maven/Project/Router 3 Layered OSI Design/router_synchronizer.v Line: 68
Warning (10236): Verilog HDL Implicit Net warning at router_synchronizer.v(69): created implicit net for "valid_out_1" File: C:/Users/Sahil/Desktop/Maven/Project/Router 3 Layered OSI Design/router_synchronizer.v Line: 69
Warning (10236): Verilog HDL Implicit Net warning at router_synchronizer.v(70): created implicit net for "valid_out_2" File: C:/Users/Sahil/Desktop/Maven/Project/Router 3 Layered OSI Design/router_synchronizer.v Line: 70
Error (12007): Top-level design entity "Router1x3" is undefined
Info (144001): Generated suppressed messages file C:/Users/Sahil/Desktop/Maven/Project/Router 3 Layered OSI Design/output_files/Router1x3.map.smsg
Error: Quartus Prime Analysis & Synthesis was unsuccessful. 1 error, 5 warnings
    Error: Peak virtual memory: 4695 megabytes
    Error: Processing ended: Wed Nov 27 19:01:12 2024
    Error: Elapsed time: 00:00:09
    Error: Total CPU time (on all processors): 00:00:05


+------------------------------------------+
; Analysis & Synthesis Suppressed Messages ;
+------------------------------------------+
The suppressed messages can be found in C:/Users/Sahil/Desktop/Maven/Project/Router 3 Layered OSI Design/output_files/Router1x3.map.smsg.


